<?xml version="1.0" encoding="UTF-8"?>
<!-- Generated by org.testng.reporters.JUnitReportReporter -->
<testsuite hostname="DESKTOP-DJ4FDME" failures="0" tests="1" name="org.xyz.automation.fb.WebsiteControl" time="14.152" errors="0" timestamp="2024-01-12T07:02:20 IST" skipped="0">
  <testcase classname="org.xyz.automation.fb.WebsiteControl" name="launchBrowser" time="14.152"/>
</testsuite> <!-- org.xyz.automation.fb.WebsiteControl -->
