<?xml version="1.0" encoding="UTF-8"?>
<!-- Generated by org.testng.reporters.JUnitReportReporter -->
<testsuite hostname="DESKTOP-DJ4FDME" failures="0" tests="4" name="org.xyz.automation.fb.HandleKeyboardMouse" time="17.495" errors="0" timestamp="2024-01-16T07:15:35 IST" skipped="2">
  <testcase classname="org.xyz.automation.fb.HandleKeyboardMouse" name="handleAlerts" time="5.677"/>
  <testcase classname="org.xyz.automation.fb.HandleKeyboardMouse" name="handleFrames" time="11.818"/>
  <testcase classname="org.xyz.automation.fb.HandleKeyboardMouse" name="handleMouse">
    <skipped/>
  </testcase> <!-- handleMouse -->
  <testcase classname="org.xyz.automation.fb.HandleKeyboardMouse" name="handleKeyboard">
    <skipped/>
  </testcase> <!-- handleKeyboard -->
</testsuite> <!-- org.xyz.automation.fb.HandleKeyboardMouse -->
