<?xml version="1.0" encoding="UTF-8"?>
<!-- Generated by org.testng.reporters.JUnitReportReporter -->
<testsuite hostname="DESKTOP-DJ4FDME" failures="0" tests="1" name="org.wipro.automation.uo.testcases.SignupScenario" time="5.984" errors="0" timestamp="2024-01-18T06:57:24 IST" skipped="0">
  <testcase classname="org.wipro.automation.uo.testcases.SignupScenario" name="validatesignupfunc" time="5.984"/>
</testsuite> <!-- org.wipro.automation.uo.testcases.SignupScenario -->
