<?xml version="1.0" encoding="UTF-8"?>
<!-- Generated by org.testng.reporters.JUnitReportReporter -->
<testsuite hostname="DESKTOP-DJ4FDME" failures="0" tests="1" name="org.wipro.automation.uo.testcases.LoginScenario" time="12.669" errors="0" timestamp="2024-01-17T07:26:53 IST" skipped="0">
  <testcase classname="org.wipro.automation.uo.testcases.LoginScenario" name="validateloginfunc" time="12.669"/>
</testsuite> <!-- org.wipro.automation.uo.testcases.LoginScenario -->
