<?xml version="1.0" encoding="UTF-8"?>
<!-- Generated by org.testng.reporters.JUnitReportReporter -->
<testsuite hostname="DESKTOP-DJ4FDME" failures="0" tests="2" name="org.xyz.automation.fb.FirstAutomation" time="9.140" errors="0" timestamp="2024-01-12T06:49:37 IST" skipped="0">
  <testcase classname="org.xyz.automation.fb.FirstAutomation" name="validateloginfunct" time="5.408"/>
  <testcase classname="org.xyz.automation.fb.FirstAutomation" name="validatesignupfunct" time="3.732"/>
</testsuite> <!-- org.xyz.automation.fb.FirstAutomation -->
