<?xml version="1.0" encoding="UTF-8"?>
<!-- Generated by org.testng.reporters.JUnitReportReporter -->
<testsuite hostname="DESKTOP-DJ4FDME" failures="0" tests="2" name="pkg2.FirstScenario10" time="0.002" errors="0" timestamp="2023-12-19T06:42:04 IST" skipped="1">
  <testcase classname="pkg2.FirstScenario10" name="first_testcase" time="0.002"/>
  <testcase classname="pkg2.FirstScenario10" name="second_testcase">
    <skipped/>
  </testcase> <!-- second_testcase -->
</testsuite> <!-- pkg2.FirstScenario10 -->
