<?xml version="1.0" encoding="UTF-8"?>
<!-- Generated by org.testng.reporters.JUnitReportReporter -->
<testsuite hostname="DESKTOP-DJ4FDME" failures="0" tests="3" name="org.wipro.automation.uo.testcases.LoginScenario_DDF" time="19.742" errors="0" timestamp="2024-01-18T07:06:39 IST" skipped="0">
  <testcase classname="org.wipro.automation.uo.testcases.LoginScenario_DDF" name="validateloginfunc1" time="6.074"/>
  <testcase classname="org.wipro.automation.uo.testcases.LoginScenario_DDF" name="validateloginfunc1" time="6.179"/>
  <testcase classname="org.wipro.automation.uo.testcases.LoginScenario_DDF" name="validateloginfunc1" time="7.489"/>
</testsuite> <!-- org.wipro.automation.uo.testcases.LoginScenario_DDF -->
