<?xml version="1.0" encoding="UTF-8"?>
<!-- Generated by org.testng.reporters.JUnitReportReporter -->
<testsuite hostname="DESKTOP-DJ4FDME" failures="0" tests="1" name="pkg2.FirstScenario3" time="0.002" errors="0" timestamp="2023-12-19T07:02:44 IST" skipped="0">
  <testcase classname="pkg2.FirstScenario3" name="eight_testcase" time="0.002"/>
</testsuite> <!-- pkg2.FirstScenario3 -->
