<?xml version="1.0" encoding="UTF-8"?>
<!-- Generated by org.testng.reporters.JUnitReportReporter -->
<testsuite hostname="DESKTOP-DJ4FDME" failures="0" tests="1" name="pkg2.FirstScenario12" time="0.001" errors="0" timestamp="2023-12-19T06:42:04 IST" skipped="0">
  <testcase classname="pkg2.FirstScenario12" name="first_testcase" time="0.001"/>
</testsuite> <!-- pkg2.FirstScenario12 -->
